<?xml version="1.0" encoding="UTF-8"?>
<!-- Generated by org.testng.reporters.JUnitReportReporter -->
<testsuite skipped="0" hostname="CV011020435" name="com.infinite.netsfere.automationtool.suits.EndToENdSanity" tests="68" failures="0" timestamp="25 Feb 2021 11:44:18 GMT" time="4088.350" errors="2">
  <testcase name="loginToWeb" time="35.875" classname="com.infinite.netsfere.automationtool.suits.EndToENdSanity"/>
  <testcase name="loginToAndroid" time="44.899" classname="com.infinite.netsfere.automationtool.suits.EndToENdSanity"/>
  <testcase name="webCreate1_1ConversationWithAndroidWithoutTitle" time="28.504" classname="com.infinite.netsfere.automationtool.suits.EndToENdSanity"/>
  <testcase name="androidCreate1_1ConversationwithWebWithoutTitle" time="28.063" classname="com.infinite.netsfere.automationtool.suits.EndToENdSanity"/>
  <testcase name="webModifyDefaultTitle" time="70.823" classname="com.infinite.netsfere.automationtool.suits.EndToENdSanity"/>
  <testcase name="androidModifyDefaultTitle" time="20.609" classname="com.infinite.netsfere.automationtool.suits.EndToENdSanity"/>
  <testcase name="webCreate1_1ConversationWithAndroidWithTitle" time="46.637" classname="com.infinite.netsfere.automationtool.suits.EndToENdSanity"/>
  <testcase name="androidCreate1_1ConversationwithWebWithTitle" time="59.713" classname="com.infinite.netsfere.automationtool.suits.EndToENdSanity"/>
  <testcase name="webGroupConversationWithTitle" time="43.904" classname="com.infinite.netsfere.automationtool.suits.EndToENdSanity"/>
  <testcase name="androidGroupConversationWithTitle" time="58.319" classname="com.infinite.netsfere.automationtool.suits.EndToENdSanity"/>
  <testcase name="webSendingMessageInStreamlinedConversationUsingCreateButton" time="38.274" classname="com.infinite.netsfere.automationtool.suits.EndToENdSanity"/>
  <testcase name="androidSendingMessageInStreamlinedConversationUsingCreateButton" time="29.697" classname="com.infinite.netsfere.automationtool.suits.EndToENdSanity"/>
  <testcase name="addParticipantInWeb" time="67.682" classname="com.infinite.netsfere.automationtool.suits.EndToENdSanity"/>
  <testcase name="addParticipantInAndroid" time="95.276" classname="com.infinite.netsfere.automationtool.suits.EndToENdSanity"/>
  <testcase name="webRemoveParticipant" time="63.443" classname="com.infinite.netsfere.automationtool.suits.EndToENdSanity"/>
  <testcase name="androidRemoveParticipant" time="98.253" classname="com.infinite.netsfere.automationtool.suits.EndToENdSanity"/>
  <testcase name="searchSelectConversationInWeb" time="48.811" classname="com.infinite.netsfere.automationtool.suits.EndToENdSanity"/>
  <testcase name="searchSelectConversationInAndroid" time="37.916" classname="com.infinite.netsfere.automationtool.suits.EndToENdSanity"/>
  <testcase name="webSendQuickReply" time="75.596" classname="com.infinite.netsfere.automationtool.suits.EndToENdSanity"/>
  <testcase name="androidSendQuickReply" time="69.121" classname="com.infinite.netsfere.automationtool.suits.EndToENdSanity"/>
  <testcase name="androidSendLocation" time="59.932" classname="com.infinite.netsfere.automationtool.suits.EndToENdSanity">
    <error type="org.openqa.selenium.NoSuchElementException" message="Can&#039;t locate an element by this strategy: By.chained({By.xpath: //android.widget.TextView[@resource-id=&#039;com.infinite.netsfere:id/action_done&#039; and @index=&#039;0&#039;]})">
      <![CDATA[org.openqa.selenium.NoSuchElementException: Can't locate an element by this strategy: By.chained({By.xpath: //android.widget.TextView[@resource-id='com.infinite.netsfere:id/action_done' and @index='0']})
at io.appium.java_client.pagefactory.AppiumElementLocator.findElement(AppiumElementLocator.java:148)
at io.appium.java_client.pagefactory.interceptors.InterceptorOfASingleElement.intercept(InterceptorOfASingleElement.java:60)
at io.appium.java_client.android.AndroidElement$$EnhancerByCGLIB$$b598166c.click(<generated>)
at com.infinite.netsfere.automationtool.modules.android.pages.ChatPage.addLocationLink(ChatPage.java:388)
at com.infinite.netsfere.automationtool.modules.android.test.ConversationTestCases.sendMyLocation(ConversationTestCases.java:369)
at com.infinite.netsfere.automationtool.suits.EndToENdSanity.androidSendLocation(EndToENdSanity.java:397)
at sun.reflect.NativeMethodAccessorImpl.invoke0(Native Method)
at sun.reflect.NativeMethodAccessorImpl.invoke(Unknown Source)
at sun.reflect.DelegatingMethodAccessorImpl.invoke(Unknown Source)
at java.lang.reflect.Method.invoke(Unknown Source)
at org.testng.internal.MethodInvocationHelper.invokeMethod(MethodInvocationHelper.java:124)
at org.testng.internal.Invoker.invokeMethod(Invoker.java:580)
at org.testng.internal.Invoker.invokeTestMethod(Invoker.java:716)
at org.testng.internal.Invoker.invokeTestMethods(Invoker.java:988)
at org.testng.internal.TestMethodWorker.invokeTestMethods(TestMethodWorker.java:125)
at org.testng.internal.TestMethodWorker.run(TestMethodWorker.java:109)
at org.testng.TestRunner.privateRun(TestRunner.java:648)
at org.testng.TestRunner.run(TestRunner.java:505)
at org.testng.SuiteRunner.runTest(SuiteRunner.java:455)
at org.testng.SuiteRunner.runSequentially(SuiteRunner.java:450)
at org.testng.SuiteRunner.privateRun(SuiteRunner.java:415)
at org.testng.SuiteRunner.run(SuiteRunner.java:364)
at org.testng.SuiteRunnerWorker.runSuite(SuiteRunnerWorker.java:52)
at org.testng.SuiteRunnerWorker.run(SuiteRunnerWorker.java:84)
at org.testng.TestNG.runSuitesSequentially(TestNG.java:1208)
at org.testng.TestNG.runSuitesLocally(TestNG.java:1137)
at org.testng.TestNG.runSuites(TestNG.java:1049)
at org.testng.TestNG.run(TestNG.java:1017)
at org.testng.remote.AbstractRemoteTestNG.run(AbstractRemoteTestNG.java:115)
at org.testng.remote.RemoteTestNG.initAndRun(RemoteTestNG.java:251)
at org.testng.remote.RemoteTestNG.main(RemoteTestNG.java:77)
Caused by: org.openqa.selenium.TimeoutException: Expected condition failed: waiting for io.appium.java_client.pagefactory.AppiumElementLocator$WaitingFunction@3f2ef586 (tried for 1 second(s) with 500 milliseconds interval)
at org.openqa.selenium.support.ui.FluentWait.timeoutException(FluentWait.java:303)
at org.openqa.selenium.support.ui.FluentWait.until(FluentWait.java:271)
at io.appium.java_client.pagefactory.AppiumElementLocator.waitFor(AppiumElementLocator.java:121)
at io.appium.java_client.pagefactory.AppiumElementLocator.findElement(AppiumElementLocator.java:141)
... 30 more
Caused by: org.openqa.selenium.NoSuchElementException: Cannot locate an element using By.chained({By.xpath: //android.widget.TextView[@resource-id='com.infinite.netsfere:id/action_done' and @index='0']})
For documentation on this error, please visit: http://seleniumhq.org/exceptions/no_such_element.html
Build info: version: '3.11.0', revision: 'e59cfb3', time: '2018-03-11T20:26:55.152Z'
System info: host: 'CV011020435', ip: '192.168.43.50', os.name: 'Windows 10', os.arch: 'amd64', os.version: '10.0', java.version: '1.8.0_231'
Driver info: driver.version: AndroidDriver
at io.appium.java_client.pagefactory.bys.builder.ByChained.findElement(ByChained.java:74)
at org.openqa.selenium.remote.RemoteWebDriver.findElement(RemoteWebDriver.java:311)
at io.appium.java_client.DefaultGenericMobileDriver.findElement(DefaultGenericMobileDriver.java:58)
at io.appium.java_client.AppiumDriver.findElement(AppiumDriver.java:1)
at io.appium.java_client.android.AndroidDriver.findElement(AndroidDriver.java:1)
at io.appium.java_client.pagefactory.bys.ContentMappedBy.findElement(ContentMappedBy.java:50)
at org.openqa.selenium.remote.RemoteWebDriver.findElement(RemoteWebDriver.java:311)
at io.appium.java_client.DefaultGenericMobileDriver.findElement(DefaultGenericMobileDriver.java:58)
at io.appium.java_client.AppiumDriver.findElement(AppiumDriver.java:1)
at io.appium.java_client.android.AndroidDriver.findElement(AndroidDriver.java:1)
at io.appium.java_client.pagefactory.AppiumElementLocator.lambda$0(AppiumElementLocator.java:142)
at io.appium.java_client.pagefactory.AppiumElementLocator$WaitingFunction.apply(AppiumElementLocator.java:194)
at io.appium.java_client.pagefactory.AppiumElementLocator$WaitingFunction.apply(AppiumElementLocator.java:1)
at org.openqa.selenium.support.ui.FluentWait.until(FluentWait.java:248)
... 32 more
]]>
    </error>
  </testcase> <!-- androidSendLocation -->
  <testcase name="webLeavesConversationAsParticipant" time="121.501" classname="com.infinite.netsfere.automationtool.suits.EndToENdSanity"/>
  <testcase name="androidLeavesConversationAsParticipant" time="176.986" classname="com.infinite.netsfere.automationtool.suits.EndToENdSanity"/>
  <testcase name="webTransferOwnershipAndLeaveConversation" time="95.284" classname="com.infinite.netsfere.automationtool.suits.EndToENdSanity"/>
  <testcase name="androidTransferOwnershipAndLeaveConversation" time="111.293" classname="com.infinite.netsfere.automationtool.suits.EndToENdSanity"/>
  <testcase name="webDestroyConversationAsOwner" time="110.680" classname="com.infinite.netsfere.automationtool.suits.EndToENdSanity"/>
  <testcase name="androidDestroyConversationAsOwner" time="104.134" classname="com.infinite.netsfere.automationtool.suits.EndToENdSanity"/>
  <testcase name="webExportFirstConversation" time="55.436" classname="com.infinite.netsfere.automationtool.suits.EndToENdSanity"/>
  <testcase name="androidExportFirstConversation" time="51.652" classname="com.infinite.netsfere.automationtool.suits.EndToENdSanity"/>
  <testcase name="webSendAttachmentFromDevice" time="99.699" classname="com.infinite.netsfere.automationtool.suits.EndToENdSanity"/>
  <testcase name="webSaveAttachmentToDevice" time="21.276" classname="com.infinite.netsfere.automationtool.suits.EndToENdSanity"/>
  <testcase name="webSendsMessage" time="58.601" classname="com.infinite.netsfere.automationtool.suits.EndToENdSanity"/>
  <testcase name="androidSendsMessage" time="87.562" classname="com.infinite.netsfere.automationtool.suits.EndToENdSanity"/>
  <testcase name="webMuteConversation" time="56.887" classname="com.infinite.netsfere.automationtool.suits.EndToENdSanity"/>
  <testcase name="androidMuteConversation" time="53.205" classname="com.infinite.netsfere.automationtool.suits.EndToENdSanity"/>
  <testcase name="androidSendAttachmentFromBox" time="74.471" classname="com.infinite.netsfere.automationtool.suits.EndToENdSanity"/>
  <testcase name="webCreateConversationWithANewGuestUser" time="60.850" classname="com.infinite.netsfere.automationtool.suits.EndToENdSanity"/>
  <testcase name="androidCreateConversationWithANewGuestUser" time="50.679" classname="com.infinite.netsfere.automationtool.suits.EndToENdSanity"/>
  <testcase name="webCreateConversationWithExistingGuestUser" time="34.659" classname="com.infinite.netsfere.automationtool.suits.EndToENdSanity"/>
  <testcase name="androidCreateConversationWithExistingGuestUser" time="47.051" classname="com.infinite.netsfere.automationtool.suits.EndToENdSanity"/>
  <testcase name="webSendMessageToGuestUser" time="65.303" classname="com.infinite.netsfere.automationtool.suits.EndToENdSanity"/>
  <testcase name="androidSendMessageToGuestUser" time="52.658" classname="com.infinite.netsfere.automationtool.suits.EndToENdSanity"/>
  <testcase name="webAddGuestUserToExistingConversation" time="70.316" classname="com.infinite.netsfere.automationtool.suits.EndToENdSanity"/>
  <testcase name="androidAddGuestUserToExistingConversation" time="89.869" classname="com.infinite.netsfere.automationtool.suits.EndToENdSanity"/>
  <testcase name="webSendingAttachementToGuestUser" time="123.743" classname="com.infinite.netsfere.automationtool.suits.EndToENdSanity"/>
  <testcase name="webWritesToWriteableChannelAndAndroidReadsTheMessage" time="54.815" classname="com.infinite.netsfere.automationtool.suits.EndToENdSanity"/>
  <testcase name="androidWritesToWriteableChannelAndWebReadsTheMessage" time="50.925" classname="com.infinite.netsfere.automationtool.suits.EndToENdSanity"/>
  <testcase name="webSendAttachmentsToWritableChannelAndroidReceive" time="97.616" classname="com.infinite.netsfere.automationtool.suits.EndToENdSanity"/>
  <testcase name="webCreateMeetingForOneToOneCallFromConversation" time="52.349" classname="com.infinite.netsfere.automationtool.suits.EndToENdSanity"/>
  <testcase name="acceptMeetingFromAndroid" time="5.151" classname="com.infinite.netsfere.automationtool.suits.EndToENdSanity"/>
  <testcase name="androidCreateMeetingForOneToOneCallFromConversation" time="36.485" classname="com.infinite.netsfere.automationtool.suits.EndToENdSanity"/>
  <testcase name="acceptMeetingFromWeb" time="18.006" classname="com.infinite.netsfere.automationtool.suits.EndToENdSanity"/>
  <testcase name="webCreateMeetingForGroupCallFromMeetingsPage" time="70.109" classname="com.infinite.netsfere.automationtool.suits.EndToENdSanity"/>
  <testcase name="androidCreateMeetingForGroupCallFromMeetingsPage" time="81.763" classname="com.infinite.netsfere.automationtool.suits.EndToENdSanity"/>
  <testcase name="webChangePassword" time="16.748" classname="com.infinite.netsfere.automationtool.suits.EndToENdSanity">
    <error type="org.openqa.selenium.ElementNotVisibleException" message="element not interactable
  (Session info: chrome=88.0.4324.182)
  (Driver info: chromedriver=2.42.591088 (7b2b2dca23cca0862f674758c9a3933e685c27d5),platform=Windows NT 10.0.18363 x86_64) (WARNING: The server did not provide any stacktrace information)
Command duration or timeout: 0 milliseconds
Build info: version: &#039;3.11.0&#039;, revision: &#039;e59cfb3&#039;, time: &#039;2018-03-11T20:26:55.152Z&#039;
System info: host: &#039;CV011020435&#039;, ip: &#039;192.168.43.50&#039;, os.name: &#039;Windows 10&#039;, os.arch: &#039;amd64&#039;, os.version: &#039;10.0&#039;, java.version: &#039;1.8.0_231&#039;
Driver info: org.openqa.selenium.chrome.ChromeDriver
Capabilities {acceptInsecureCerts: false, acceptSslCerts: false, applicationCacheEnabled: false, browserConnectionEnabled: false, browserName: chrome, chrome: {chromedriverVersion: 2.42.591088 (7b2b2dca23cca0..., userDataDir: C:\Users\nrathyak\AppData\L...}, cssSelectorsEnabled: true, databaseEnabled: false, goog:chromeOptions: {debuggerAddress: localhost:58849}, handlesAlerts: true, hasTouchScreen: false, javascriptEnabled: true, locationContextEnabled: true, mobileEmulationEnabled: false, nativeEvents: true, networkConnectionEnabled: false, pageLoadStrategy: normal, platform: XP, platformName: XP, rotatable: false, setWindowRect: true, takesHeapSnapshot: true, takesScreenshot: true, unexpectedAlertBehaviour: , unhandledPromptBehavior: , version: 88.0.4324.182, webStorageEnabled: true}
Session ID: 5ccfc04d317538a6e8d6fe259d266faa">
      <![CDATA[org.openqa.selenium.ElementNotVisibleException: element not interactable
  (Session info: chrome=88.0.4324.182)
  (Driver info: chromedriver=2.42.591088 (7b2b2dca23cca0862f674758c9a3933e685c27d5),platform=Windows NT 10.0.18363 x86_64) (WARNING: The server did not provide any stacktrace information)
Command duration or timeout: 0 milliseconds
Build info: version: '3.11.0', revision: 'e59cfb3', time: '2018-03-11T20:26:55.152Z'
System info: host: 'CV011020435', ip: '192.168.43.50', os.name: 'Windows 10', os.arch: 'amd64', os.version: '10.0', java.version: '1.8.0_231'
Driver info: org.openqa.selenium.chrome.ChromeDriver
Capabilities {acceptInsecureCerts: false, acceptSslCerts: false, applicationCacheEnabled: false, browserConnectionEnabled: false, browserName: chrome, chrome: {chromedriverVersion: 2.42.591088 (7b2b2dca23cca0..., userDataDir: C:\Users\nrathyak\AppData\L...}, cssSelectorsEnabled: true, databaseEnabled: false, goog:chromeOptions: {debuggerAddress: localhost:58849}, handlesAlerts: true, hasTouchScreen: false, javascriptEnabled: true, locationContextEnabled: true, mobileEmulationEnabled: false, nativeEvents: true, networkConnectionEnabled: false, pageLoadStrategy: normal, platform: XP, platformName: XP, rotatable: false, setWindowRect: true, takesHeapSnapshot: true, takesScreenshot: true, unexpectedAlertBehaviour: , unhandledPromptBehavior: , version: 88.0.4324.182, webStorageEnabled: true}
Session ID: 5ccfc04d317538a6e8d6fe259d266faa
at sun.reflect.NativeConstructorAccessorImpl.newInstance0(Native Method)
at sun.reflect.NativeConstructorAccessorImpl.newInstance(Unknown Source)
at sun.reflect.DelegatingConstructorAccessorImpl.newInstance(Unknown Source)
at java.lang.reflect.Constructor.newInstance(Unknown Source)
at org.openqa.selenium.remote.ErrorHandler.createThrowable(ErrorHandler.java:214)
at org.openqa.selenium.remote.ErrorHandler.throwIfResponseFailed(ErrorHandler.java:166)
at org.openqa.selenium.remote.http.JsonHttpResponseCodec.reconstructValue(JsonHttpResponseCodec.java:40)
at org.openqa.selenium.remote.http.AbstractHttpResponseCodec.decode(AbstractHttpResponseCodec.java:80)
at org.openqa.selenium.remote.http.AbstractHttpResponseCodec.decode(AbstractHttpResponseCodec.java:44)
at org.openqa.selenium.remote.HttpCommandExecutor.execute(HttpCommandExecutor.java:158)
at org.openqa.selenium.remote.service.DriverCommandExecutor.execute(DriverCommandExecutor.java:83)
at org.openqa.selenium.remote.RemoteWebDriver.execute(RemoteWebDriver.java:545)
at org.openqa.selenium.remote.RemoteWebElement.execute(RemoteWebElement.java:279)
at org.openqa.selenium.remote.RemoteWebElement.sendKeys(RemoteWebElement.java:100)
at sun.reflect.GeneratedMethodAccessor9.invoke(Unknown Source)
at sun.reflect.DelegatingMethodAccessorImpl.invoke(Unknown Source)
at java.lang.reflect.Method.invoke(Unknown Source)
at org.openqa.selenium.support.pagefactory.internal.LocatingElementHandler.invoke(LocatingElementHandler.java:51)
at com.sun.proxy.$Proxy30.sendKeys(Unknown Source)
at com.infinite.netsfere.automationtool.modules.web.pages.WebSettingsPage.clickChangePassword(WebSettingsPage.java:192)
at com.infinite.netsfere.automationtool.modules.web.test.SettingsTestCases.webCanChangePassword(SettingsTestCases.java:44)
at com.infinite.netsfere.automationtool.suits.EndToENdSanity.webChangePassword(EndToENdSanity.java:1139)
at sun.reflect.NativeMethodAccessorImpl.invoke0(Native Method)
at sun.reflect.NativeMethodAccessorImpl.invoke(Unknown Source)
at sun.reflect.DelegatingMethodAccessorImpl.invoke(Unknown Source)
at java.lang.reflect.Method.invoke(Unknown Source)
at org.testng.internal.MethodInvocationHelper.invokeMethod(MethodInvocationHelper.java:124)
at org.testng.internal.Invoker.invokeMethod(Invoker.java:580)
at org.testng.internal.Invoker.invokeTestMethod(Invoker.java:716)
at org.testng.internal.Invoker.invokeTestMethods(Invoker.java:988)
at org.testng.internal.TestMethodWorker.invokeTestMethods(TestMethodWorker.java:125)
at org.testng.internal.TestMethodWorker.run(TestMethodWorker.java:109)
at org.testng.TestRunner.privateRun(TestRunner.java:648)
at org.testng.TestRunner.run(TestRunner.java:505)
at org.testng.SuiteRunner.runTest(SuiteRunner.java:455)
at org.testng.SuiteRunner.runSequentially(SuiteRunner.java:450)
at org.testng.SuiteRunner.privateRun(SuiteRunner.java:415)
at org.testng.SuiteRunner.run(SuiteRunner.java:364)
at org.testng.SuiteRunnerWorker.runSuite(SuiteRunnerWorker.java:52)
at org.testng.SuiteRunnerWorker.run(SuiteRunnerWorker.java:84)
at org.testng.TestNG.runSuitesSequentially(TestNG.java:1208)
at org.testng.TestNG.runSuitesLocally(TestNG.java:1137)
at org.testng.TestNG.runSuites(TestNG.java:1049)
at org.testng.TestNG.run(TestNG.java:1017)
at org.testng.remote.AbstractRemoteTestNG.run(AbstractRemoteTestNG.java:115)
at org.testng.remote.RemoteTestNG.initAndRun(RemoteTestNG.java:251)
at org.testng.remote.RemoteTestNG.main(RemoteTestNG.java:77)
]]>
    </error>
  </testcase> <!-- webChangePassword -->
  <testcase name="androidChangePassword" time="20.772" classname="com.infinite.netsfere.automationtool.suits.EndToENdSanity"/>
  <testcase name="androidCanEditMeetingPointURL" time="8.805" classname="com.infinite.netsfere.automationtool.suits.EndToENdSanity"/>
  <testcase name="webCanEditMeetingPointURL" time="7.235" classname="com.infinite.netsfere.automationtool.suits.EndToENdSanity"/>
  <testcase name="webCanChangeProfilePic" time="28.712" classname="com.infinite.netsfere.automationtool.suits.EndToENdSanity"/>
  <testcase name="webForwardsAMessage" time="53.716" classname="com.infinite.netsfere.automationtool.suits.EndToENdSanity"/>
  <testcase name="webForwardsAttachment" time="132.926" classname="com.infinite.netsfere.automationtool.suits.EndToENdSanity"/>
  <testcase name="androidForwardMessage" time="64.472" classname="com.infinite.netsfere.automationtool.suits.EndToENdSanity"/>
  <testcase name="webForwardsAMessageToMultipleConversations" time="54.903" classname="com.infinite.netsfere.automationtool.suits.EndToENdSanity"/>
  <testcase name="androidForwardAttachment" time="106.659" classname="com.infinite.netsfere.automationtool.suits.EndToENdSanity"/>
  <testcase name="androidInlineReply" time="45.070" classname="com.infinite.netsfere.automationtool.suits.EndToENdSanity"/>
  <testcase name="webInlineReply" time="51.449" classname="com.infinite.netsfere.automationtool.suits.EndToENdSanity"/>
  <testcase name="logoutFromWeb" time="22.888" classname="com.infinite.netsfere.automationtool.suits.EndToENdSanity"/>
  <testcase name="logoutFromAndroid" time="11.634" classname="com.infinite.netsfere.automationtool.suits.EndToENdSanity"/>
</testsuite> <!-- com.infinite.netsfere.automationtool.suits.EndToENdSanity -->
